find_header: checking for float.h... -------------------- yes

"gcc -o conftest -I/home/zzy/.rvm/rubies/ruby-2.2.0/include/ruby-2.2.0/x86_64-linux -I/home/zzy/.rvm/rubies/ruby-2.2.0/include/ruby-2.2.0/ruby/backward -I/home/zzy/.rvm/rubies/ruby-2.2.0/include/ruby-2.2.0 -I.     -O3 -fno-fast-math -ggdb3 -Wall -Wextra -Wno-unused-parameter -Wno-parentheses -Wno-long-long -Wno-missing-field-initializers -Wunused-variable -Wpointer-arith -Wwrite-strings -Wdeclaration-after-statement -Wimplicit-function-declaration -Wdeprecated-declarations -Wno-packed-bitfield-compat  -fPIC conftest.c  -L. -L/home/zzy/.rvm/rubies/ruby-2.2.0/lib -Wl,-R/home/zzy/.rvm/rubies/ruby-2.2.0/lib -L. -fstack-protector -rdynamic -Wl,-export-dynamic     -Wl,-rpath,'/../lib' -Wl,-R'/../lib' -lruby  -lpthread -lrt -ldl -lcrypt -lm   -lc"
checked program was:
/* begin */
1: #include "ruby.h"
2: 
3: int main(int argc, char **argv)
4: {
5:   return 0;
6: }
/* end */

"gcc -E -I/home/zzy/.rvm/rubies/ruby-2.2.0/include/ruby-2.2.0/x86_64-linux -I/home/zzy/.rvm/rubies/ruby-2.2.0/include/ruby-2.2.0/ruby/backward -I/home/zzy/.rvm/rubies/ruby-2.2.0/include/ruby-2.2.0 -I.     -O3 -fno-fast-math -ggdb3 -Wall -Wextra -Wno-unused-parameter -Wno-parentheses -Wno-long-long -Wno-missing-field-initializers -Wunused-variable -Wpointer-arith -Wwrite-strings -Wdeclaration-after-statement -Wimplicit-function-declaration -Wdeprecated-declarations -Wno-packed-bitfield-compat  -fPIC  conftest.c -o conftest.i"
checked program was:
/* begin */
1: #include "ruby.h"
2: 
3: #include <float.h>
/* end */

--------------------

find_header: checking for ruby.h... -------------------- yes

"gcc -E -I/home/zzy/.rvm/rubies/ruby-2.2.0/include/ruby-2.2.0/x86_64-linux -I/home/zzy/.rvm/rubies/ruby-2.2.0/include/ruby-2.2.0/ruby/backward -I/home/zzy/.rvm/rubies/ruby-2.2.0/include/ruby-2.2.0 -I.     -O3 -fno-fast-math -ggdb3 -Wall -Wextra -Wno-unused-parameter -Wno-parentheses -Wno-long-long -Wno-missing-field-initializers -Wunused-variable -Wpointer-arith -Wwrite-strings -Wdeclaration-after-statement -Wimplicit-function-declaration -Wdeprecated-declarations -Wno-packed-bitfield-compat  -fPIC  conftest.c -o conftest.i"
checked program was:
/* begin */
1: #include "ruby.h"
2: 
3: #include <ruby.h>
/* end */

--------------------

find_header: checking for stdlib.h... -------------------- yes

"gcc -E -I/home/zzy/.rvm/rubies/ruby-2.2.0/include/ruby-2.2.0/x86_64-linux -I/home/zzy/.rvm/rubies/ruby-2.2.0/include/ruby-2.2.0/ruby/backward -I/home/zzy/.rvm/rubies/ruby-2.2.0/include/ruby-2.2.0 -I.     -O3 -fno-fast-math -ggdb3 -Wall -Wextra -Wno-unused-parameter -Wno-parentheses -Wno-long-long -Wno-missing-field-initializers -Wunused-variable -Wpointer-arith -Wwrite-strings -Wdeclaration-after-statement -Wimplicit-function-declaration -Wdeprecated-declarations -Wno-packed-bitfield-compat  -fPIC  conftest.c -o conftest.i"
checked program was:
/* begin */
1: #include "ruby.h"
2: 
3: #include <stdlib.h>
/* end */

--------------------

find_header: checking for string.h... -------------------- yes

"gcc -E -I/home/zzy/.rvm/rubies/ruby-2.2.0/include/ruby-2.2.0/x86_64-linux -I/home/zzy/.rvm/rubies/ruby-2.2.0/include/ruby-2.2.0/ruby/backward -I/home/zzy/.rvm/rubies/ruby-2.2.0/include/ruby-2.2.0 -I.     -O3 -fno-fast-math -ggdb3 -Wall -Wextra -Wno-unused-parameter -Wno-parentheses -Wno-long-long -Wno-missing-field-initializers -Wunused-variable -Wpointer-arith -Wwrite-strings -Wdeclaration-after-statement -Wimplicit-function-declaration -Wdeprecated-declarations -Wno-packed-bitfield-compat  -fPIC  conftest.c -o conftest.i"
checked program was:
/* begin */
1: #include "ruby.h"
2: 
3: #include <string.h>
/* end */

--------------------

have_header: checking for fcntl.h... -------------------- yes

"gcc -E -I/home/zzy/.rvm/rubies/ruby-2.2.0/include/ruby-2.2.0/x86_64-linux -I/home/zzy/.rvm/rubies/ruby-2.2.0/include/ruby-2.2.0/ruby/backward -I/home/zzy/.rvm/rubies/ruby-2.2.0/include/ruby-2.2.0 -I.     -O3 -fno-fast-math -ggdb3 -Wall -Wextra -Wno-unused-parameter -Wno-parentheses -Wno-long-long -Wno-missing-field-initializers -Wunused-variable -Wpointer-arith -Wwrite-strings -Wdeclaration-after-statement -Wimplicit-function-declaration -Wdeprecated-declarations -Wno-packed-bitfield-compat  -fPIC  conftest.c -o conftest.i"
checked program was:
/* begin */
1: #include "ruby.h"
2: 
3: #include <fcntl.h>
/* end */

--------------------

have_header: checking for stdint.h... -------------------- yes

"gcc -E -I/home/zzy/.rvm/rubies/ruby-2.2.0/include/ruby-2.2.0/x86_64-linux -I/home/zzy/.rvm/rubies/ruby-2.2.0/include/ruby-2.2.0/ruby/backward -I/home/zzy/.rvm/rubies/ruby-2.2.0/include/ruby-2.2.0 -I.     -O3 -fno-fast-math -ggdb3 -Wall -Wextra -Wno-unused-parameter -Wno-parentheses -Wno-long-long -Wno-missing-field-initializers -Wunused-variable -Wpointer-arith -Wwrite-strings -Wdeclaration-after-statement -Wimplicit-function-declaration -Wdeprecated-declarations -Wno-packed-bitfield-compat  -fPIC  conftest.c -o conftest.i"
checked program was:
/* begin */
1: #include "ruby.h"
2: 
3: #include <stdint.h>
/* end */

--------------------

have_header: checking for sys/errno.h... -------------------- yes

"gcc -E -I/home/zzy/.rvm/rubies/ruby-2.2.0/include/ruby-2.2.0/x86_64-linux -I/home/zzy/.rvm/rubies/ruby-2.2.0/include/ruby-2.2.0/ruby/backward -I/home/zzy/.rvm/rubies/ruby-2.2.0/include/ruby-2.2.0 -I.     -O3 -fno-fast-math -ggdb3 -Wall -Wextra -Wno-unused-parameter -Wno-parentheses -Wno-long-long -Wno-missing-field-initializers -Wunused-variable -Wpointer-arith -Wwrite-strings -Wdeclaration-after-statement -Wimplicit-function-declaration -Wdeprecated-declarations -Wno-packed-bitfield-compat  -fPIC  conftest.c -o conftest.i"
checked program was:
/* begin */
1: #include "ruby.h"
2: 
3: #include <sys/errno.h>
/* end */

--------------------

have_header: checking for sys/socket.h... -------------------- yes

"gcc -E -I/home/zzy/.rvm/rubies/ruby-2.2.0/include/ruby-2.2.0/x86_64-linux -I/home/zzy/.rvm/rubies/ruby-2.2.0/include/ruby-2.2.0/ruby/backward -I/home/zzy/.rvm/rubies/ruby-2.2.0/include/ruby-2.2.0 -I.     -O3 -fno-fast-math -ggdb3 -Wall -Wextra -Wno-unused-parameter -Wno-parentheses -Wno-long-long -Wno-missing-field-initializers -Wunused-variable -Wpointer-arith -Wwrite-strings -Wdeclaration-after-statement -Wimplicit-function-declaration -Wdeprecated-declarations -Wno-packed-bitfield-compat  -fPIC  conftest.c -o conftest.i"
checked program was:
/* begin */
1: #include "ruby.h"
2: 
3: #include <sys/socket.h>
/* end */

--------------------

have_header: checking for ruby/st.h... -------------------- yes

"gcc -E -I/home/zzy/.rvm/rubies/ruby-2.2.0/include/ruby-2.2.0/x86_64-linux -I/home/zzy/.rvm/rubies/ruby-2.2.0/include/ruby-2.2.0/ruby/backward -I/home/zzy/.rvm/rubies/ruby-2.2.0/include/ruby-2.2.0 -I.     -O3 -fno-fast-math -ggdb3 -Wall -Wextra -Wno-unused-parameter -Wno-parentheses -Wno-long-long -Wno-missing-field-initializers -Wunused-variable -Wpointer-arith -Wwrite-strings -Wdeclaration-after-statement -Wimplicit-function-declaration -Wdeprecated-declarations -Wno-packed-bitfield-compat  -fPIC  conftest.c -o conftest.i"
checked program was:
/* begin */
1: #include "ruby.h"
2: 
3: #include <ruby/st.h>
/* end */

--------------------

have_header: checking for st.h... -------------------- yes

"gcc -E -I/home/zzy/.rvm/rubies/ruby-2.2.0/include/ruby-2.2.0/x86_64-linux -I/home/zzy/.rvm/rubies/ruby-2.2.0/include/ruby-2.2.0/ruby/backward -I/home/zzy/.rvm/rubies/ruby-2.2.0/include/ruby-2.2.0 -I.     -O3 -fno-fast-math -ggdb3 -Wall -Wextra -Wno-unused-parameter -Wno-parentheses -Wno-long-long -Wno-missing-field-initializers -Wunused-variable -Wpointer-arith -Wwrite-strings -Wdeclaration-after-statement -Wimplicit-function-declaration -Wdeprecated-declarations -Wno-packed-bitfield-compat  -fPIC  conftest.c -o conftest.i"
In file included from conftest.c:3:0:
/home/zzy/.rvm/rubies/ruby-2.2.0/include/ruby-2.2.0/ruby/backward/st.h:2:2: warning: #warning use "ruby/st.h" instead of bare "st.h" [-Wcpp]
checked program was:
/* begin */
1: #include "ruby.h"
2: 
3: #include <st.h>
/* end */

--------------------

have_library: checking for pthread_create() in -lpthread... -------------------- yes

"gcc -o conftest -I/home/zzy/.rvm/rubies/ruby-2.2.0/include/ruby-2.2.0/x86_64-linux -I/home/zzy/.rvm/rubies/ruby-2.2.0/include/ruby-2.2.0/ruby/backward -I/home/zzy/.rvm/rubies/ruby-2.2.0/include/ruby-2.2.0 -I.     -O3 -fno-fast-math -ggdb3 -Wall -Wextra -Wno-unused-parameter -Wno-parentheses -Wno-long-long -Wno-missing-field-initializers -Wunused-variable -Wpointer-arith -Wwrite-strings -Wdeclaration-after-statement -Wimplicit-function-declaration -Wdeprecated-declarations -Wno-packed-bitfield-compat  -fPIC conftest.c  -L. -L/home/zzy/.rvm/rubies/ruby-2.2.0/lib -Wl,-R/home/zzy/.rvm/rubies/ruby-2.2.0/lib -L. -fstack-protector -rdynamic -Wl,-export-dynamic     -Wl,-rpath,'/../lib' -Wl,-R'/../lib' -lruby -lpthread  -lpthread -lrt -ldl -lcrypt -lm   -lc"
conftest.c: In function ‘t’:
conftest.c:13:57: error: ‘pthread_create’ undeclared (first use in this function)
conftest.c:13:57: note: each undeclared identifier is reported only once for each function it appears in
conftest.c:13:32: warning: variable ‘p’ set but not used [-Wunused-but-set-variable]
checked program was:
/* begin */
 1: #include "ruby.h"
 2: 
 3: /*top*/
 4: extern int t(void);
 5: int main(int argc, char **argv)
 6: {
 7:   if (argc > 1000000) {
 8:     printf("%p", &t);
 9:   }
10: 
11:   return 0;
12: }
13: int t(void) { void ((*volatile p)()); p = (void ((*)()))pthread_create; return 0; }
/* end */

"gcc -o conftest -I/home/zzy/.rvm/rubies/ruby-2.2.0/include/ruby-2.2.0/x86_64-linux -I/home/zzy/.rvm/rubies/ruby-2.2.0/include/ruby-2.2.0/ruby/backward -I/home/zzy/.rvm/rubies/ruby-2.2.0/include/ruby-2.2.0 -I.     -O3 -fno-fast-math -ggdb3 -Wall -Wextra -Wno-unused-parameter -Wno-parentheses -Wno-long-long -Wno-missing-field-initializers -Wunused-variable -Wpointer-arith -Wwrite-strings -Wdeclaration-after-statement -Wimplicit-function-declaration -Wdeprecated-declarations -Wno-packed-bitfield-compat  -fPIC conftest.c  -L. -L/home/zzy/.rvm/rubies/ruby-2.2.0/lib -Wl,-R/home/zzy/.rvm/rubies/ruby-2.2.0/lib -L. -fstack-protector -rdynamic -Wl,-export-dynamic     -Wl,-rpath,'/../lib' -Wl,-R'/../lib' -lruby -lpthread  -lpthread -lrt -ldl -lcrypt -lm   -lc"
conftest.c: In function ‘t’:
conftest.c:13:1: warning: implicit declaration of function ‘pthread_create’ [-Wimplicit-function-declaration]
checked program was:
/* begin */
 1: #include "ruby.h"
 2: 
 3: /*top*/
 4: extern int t(void);
 5: int main(int argc, char **argv)
 6: {
 7:   if (argc > 1000000) {
 8:     printf("%p", &t);
 9:   }
10: 
11:   return 0;
12: }
13: int t(void) { pthread_create(); return 0; }
/* end */

--------------------

